<?xml version="1.0" encoding="UTF-8"?>
<!-- Generated by org.testng.reporters.JUnitReportReporter -->
<testsuite hostname="DESKTOP-OFL8S08" failures="0" tests="1" name="sfrentstaging.tests.CreateTenantApplication" time="131.798" errors="0" timestamp="2023-05-23T23:47:34 PKT" skipped="0">
  <testcase classname="sfrentstaging.tests.CreateTenantApplication" name="createNewTenantApplication" time="131.798"/>
  <system-out/>
</testsuite> <!-- sfrentstaging.tests.CreateTenantApplication -->
